* Starting client
* Properties loaded from C:\Users\charl\Downloads\Deletar depois\Plugins evosuite\Java_NFe-master\evosuite-files\evosuite.properties
* Connecting to master process on port 3597
* Analyzing classpath: 
  - C:\Users\charl\Downloads\Deletar depois\Plugins evosuite\Java_NFe-master\target\test-classes
  - C:\Users\charl\Downloads\Deletar depois\Plugins evosuite\Java_NFe-master\target\classes
  - C:\Users\charl\.m2\repository\br\com\swconsultoria\java_certificado\3.4\java_certificado-3.4.jar
  - C:\Users\charl\.m2\repository\commons-httpclient\commons-httpclient\3.1\commons-httpclient-3.1.jar
  - C:\Users\charl\.m2\repository\commons-codec\commons-codec\1.2\commons-codec-1.2.jar
  - C:\Users\charl\.m2\repository\org\ini4j\ini4j\0.5.4\ini4j-0.5.4.jar
  - C:\Users\charl\.m2\repository\org\apache\httpcomponents\httpcore\4.4.6\httpcore-4.4.6.jar
  - C:\Users\charl\.m2\repository\com\sun\xml\bind\jaxb-impl\2.3.1\jaxb-impl-2.3.1.jar
  - C:\Users\charl\.m2\repository\com\sun\xml\bind\jaxb-xjc\2.3.1\jaxb-xjc-2.3.1.jar
  - C:\Users\charl\.m2\repository\com\sun\xml\bind\jaxb-core\2.3.0.1\jaxb-core-2.3.0.1.jar
  - C:\Users\charl\.m2\repository\org\apache\axis2\axis2-kernel\1.7.5\axis2-kernel-1.7.5.jar
  - C:\Users\charl\.m2\repository\org\apache\ws\commons\axiom\axiom-impl\1.2.20\axiom-impl-1.2.20.jar
  - C:\Users\charl\.m2\repository\org\codehaus\woodstox\woodstox-core-asl\4.2.0\woodstox-core-asl-4.2.0.jar
  - C:\Users\charl\.m2\repository\org\codehaus\woodstox\stax2-api\3.1.1\stax2-api-3.1.1.jar
  - C:\Users\charl\.m2\repository\org\apache\geronimo\specs\geronimo-ws-metadata_2.0_spec\1.1.2\geronimo-ws-metadata_2.0_spec-1.1.2.jar
  - C:\Users\charl\.m2\repository\org\apache\geronimo\specs\geronimo-jta_1.1_spec\1.1\geronimo-jta_1.1_spec-1.1.jar
  - C:\Users\charl\.m2\repository\wsdl4j\wsdl4j\1.6.2\wsdl4j-1.6.2.jar
  - C:\Users\charl\.m2\repository\org\apache\ws\xmlschema\xmlschema-core\2.2.1\xmlschema-core-2.2.1.jar
  - C:\Users\charl\.m2\repository\org\apache\neethi\neethi\3.0.3\neethi-3.0.3.jar
  - C:\Users\charl\.m2\repository\org\apache\woden\woden-core\1.0M10\woden-core-1.0M10.jar
  - C:\Users\charl\.m2\repository\commons-logging\commons-logging\1.1.1\commons-logging-1.1.1.jar
  - C:\Users\charl\.m2\repository\javax\ws\rs\jsr311-api\1.1.1\jsr311-api-1.1.1.jar
  - C:\Users\charl\.m2\repository\commons-io\commons-io\2.1\commons-io-2.1.jar
  - C:\Users\charl\.m2\repository\org\apache\axis2\axis2-adb\1.7.5\axis2-adb-1.7.5.jar
  - C:\Users\charl\.m2\repository\org\apache\ws\commons\axiom\axiom-dom\1.2.20\axiom-dom-1.2.20.jar
  - C:\Users\charl\.m2\repository\org\apache\geronimo\specs\geronimo-activation_1.1_spec\1.0.2\geronimo-activation_1.1_spec-1.0.2.jar
  - C:\Users\charl\.m2\repository\org\apache\axis2\axis2-jaxws\1.7.5\axis2-jaxws-1.7.5.jar
  - C:\Users\charl\.m2\repository\org\apache\geronimo\specs\geronimo-annotation_1.0_spec\1.1\geronimo-annotation_1.0_spec-1.1.jar
  - C:\Users\charl\.m2\repository\org\apache\geronimo\specs\geronimo-jaxws_2.2_spec\1.0\geronimo-jaxws_2.2_spec-1.0.jar
  - C:\Users\charl\.m2\repository\org\apache\axis2\axis2-saaj\1.7.5\axis2-saaj-1.7.5.jar
  - C:\Users\charl\.m2\repository\org\apache\geronimo\specs\geronimo-saaj_1.3_spec\1.0.1\geronimo-saaj_1.3_spec-1.0.1.jar
  - C:\Users\charl\.m2\repository\org\apache\axis2\axis2-metadata\1.7.5\axis2-metadata-1.7.5.jar
  - C:\Users\charl\.m2\repository\com\sun\xml\ws\jaxws-tools\2.1.3\jaxws-tools-2.1.3.jar
  - C:\Users\charl\.m2\repository\org\apache\geronimo\specs\geronimo-javamail_1.4_spec\1.6\geronimo-javamail_1.4_spec-1.6.jar
  - C:\Users\charl\.m2\repository\xml-resolver\xml-resolver\1.2\xml-resolver-1.2.jar
  - C:\Users\charl\.m2\repository\xalan\xalan\2.7.0\xalan-2.7.0.jar
  - C:\Users\charl\.m2\repository\javax\xml\bind\jaxb-api\2.2.6\jaxb-api-2.2.6.jar
  - C:\Users\charl\.m2\repository\org\apache\axis2\axis2-transport-http\1.7.5\axis2-transport-http-1.7.5.jar
  - C:\Users\charl\.m2\repository\org\apache\httpcomponents\httpclient\4.5.2\httpclient-4.5.2.jar
  - C:\Users\charl\.m2\repository\org\apache\axis2\axis2-transport-local\1.7.5\axis2-transport-local-1.7.5.jar
  - C:\Users\charl\.m2\repository\org\apache\ws\commons\axiom\axiom-api\1.2.20\axiom-api-1.2.20.jar
  - C:\Users\charl\.m2\repository\jaxen\jaxen\1.1.6\jaxen-1.1.6.jar
  - C:\Users\charl\.m2\repository\org\apache\geronimo\specs\geronimo-stax-api_1.0_spec\1.0.1\geronimo-stax-api_1.0_spec-1.0.1.jar
  - C:\Users\charl\.m2\repository\org\apache\james\apache-mime4j-core\0.7.2\apache-mime4j-core-0.7.2.jar
  - C:\Users\charl\.m2\repository\com\google\code\findbugs\jsr305\3.0.2\jsr305-3.0.2.jar
  - C:\Users\charl\.m2\repository\org\projectlombok\lombok\1.18.22\lombok-1.18.22.jar
  - C:\Users\charl\.m2\repository\br\com\swconsultoria\java-nfe\4.00.31\java-nfe-4.00.31.jar
  - C:\Users\charl\.m2\repository\junit\junit\4.12\junit-4.12.jar
  - C:\Users\charl\.m2\repository\org\hamcrest\hamcrest-core\1.3\hamcrest-core-1.3.jar
  - C:\Users\charl\.m2\repository\org\jacoco\org.jacoco.agent\0.8.0\org.jacoco.agent-0.8.0.jar
[MASTER] 19:24:45.460 [pool-2-thread-1] WARN  InheritanceTree - Class not in inheritance graph: javax.servlet.ServletConfig
* Finished analyzing classpath
* Generating tests for class br.com.swconsultoria.nfe.wsdl.NFeRetAutorizacao.NFeRetAutorizacao4Stub
* Test criteria:
  - Line Coverage
  - Branch Coverage
  - Exception
  - Mutation testing (weak)
  - Method-Output Coverage
  - Top-Level Method Coverage
  - No-Exception Top-Level Method Coverage
  - Context Branch Coverage
* Setting up search algorithm for whole suite generation
[MASTER] 19:24:49.029 [pool-2-thread-1] WARN  TestSuiteSerialization - Cannot load tests because file does not exist: C:\Users\charl\Downloads\Deletar depois\Plugins evosuite\Java_NFe-master\.evosuite\evosuite-seeds\br.com.swconsultoria.nfe.wsdl.NFeRetAutorizacao.NFeRetAutorizacao4Stub.seed
* Loaded 0 tests from C:\Users\charl\Downloads\Deletar depois\Plugins evosuite\Java_NFe-master\.evosuite\evosuite-seeds\br.com.swconsultoria.nfe.wsdl.NFeRetAutorizacao.NFeRetAutorizacao4Stub.seed
* Total number of test goals: 
  - Line 607
  - Branch 215
  - Exception 0
  - MutationFactory 763
  - Output 2
  - Method 21
  - MethodNoException 21
  - CBranchFitnessFactory 215
* Using seed 1712787880211
* Starting evolution
* Search finished after 452s and 106 generations, 29072 statements, best individual has fitness: 1178.2859864870447
* Writing sequences to pool
* Minimizing test suite
* Going to analyze the coverage criteria
* Coverage analysis for criterion LINE
* Coverage of criterion LINE: 41%
* Total number of goals: 607
* Number of covered goals: 246
* Coverage analysis for criterion BRANCH
* Coverage of criterion BRANCH: 32%
* Total number of goals: 215
* Number of covered goals: 68
* Coverage analysis for criterion EXCEPTION
* Coverage of criterion EXCEPTION: 100%
* Total number of goals: 12
* Number of covered goals: 12
* Coverage analysis for criterion WEAKMUTATION
* Coverage of criterion WEAKMUTATION: 37%
* Total number of goals: 763
* Number of covered goals: 283
* Coverage analysis for criterion OUTPUT
* Coverage of criterion OUTPUT: 0%
* Total number of goals: 2
* Number of covered goals: 0
* Coverage analysis for criterion METHOD
* Coverage of criterion METHOD: 100%
* Total number of goals: 21
* Number of covered goals: 21
* Coverage analysis for criterion METHODNOEXCEPTION
* Coverage of criterion METHODNOEXCEPTION: 71%
* Total number of goals: 21
* Number of covered goals: 15
* Coverage analysis for criterion CBRANCH
* Coverage of criterion CBRANCH: 31%
* Total number of goals: 215
* Number of covered goals: 66
* Generated 31 tests with total length 150
* Resulting test suite's coverage: 51% (average coverage for all fitness functions)
* Generating assertions
* Resulting test suite's mutation score: 11%
* Compiling and checking tests
* Permissions denied during test execution: 
  - java.lang.RuntimePermission: 
         writeFileDescriptor: 8
* Writing JUnit test case 'NFeRetAutorizacao4Stub_ESTest' to C:\Users\charl\Downloads\Deletar depois\Plugins evosuite\Java_NFe-master\.evosuite\tmp_2024_04_10_16_31_43\tests
* Done!

