[MASTER] 18:49:39.404 [pool-2-thread-1] ERROR TestCluster - Failed to check cache for java.util.concurrent.ForkJoinTask<V> : Type points to itself
[MASTER] 18:50:11.590 [pool-2-thread-1] ERROR TestCaseExecutor - ExecutionException (this is likely a serious error in the framework)
java.util.concurrent.ExecutionException: org.evosuite.testcase.execution.EvosuiteError: java.lang.IncompatibleClassChangeError: org.apache.axiom.om.impl.intf.AxiomElement and org.apache.axiom.om.impl.intf.AxiomElement$AxiomElementSupport$1 disagree on InnerClasses attribute
	at java.util.concurrent.FutureTask.report(FutureTask.java:122) [na:1.8.0_202]
	at java.util.concurrent.FutureTask.get(FutureTask.java:206) [na:1.8.0_202]
	at org.evosuite.testcase.execution.TimeoutHandler.executeWithTimeout(TimeoutHandler.java:107) ~[evosuite-master-1.0.6.jar:1.0.6]
	at org.evosuite.testcase.execution.TimeoutHandler.execute(TimeoutHandler.java:96) ~[evosuite-master-1.0.6.jar:1.0.6]
	at org.evosuite.testcase.execution.TestCaseExecutor.execute(TestCaseExecutor.java:334) [evosuite-master-1.0.6.jar:1.0.6]
	at org.evosuite.testcase.execution.TestCaseExecutor.execute(TestCaseExecutor.java:277) [evosuite-master-1.0.6.jar:1.0.6]
	at org.evosuite.testcase.execution.TestCaseExecutor.execute(TestCaseExecutor.java:264) [evosuite-master-1.0.6.jar:1.0.6]
	at org.evosuite.testsuite.TestSuiteFitnessFunction.runTest(TestSuiteFitnessFunction.java:63) [evosuite-master-1.0.6.jar:1.0.6]
	at org.evosuite.testcase.TestChromosome.executeForFitnessFunction(TestChromosome.java:692) [evosuite-master-1.0.6.jar:1.0.6]
	at org.evosuite.testsuite.TestSuiteFitnessFunction.runTestSuite(TestSuiteFitnessFunction.java:97) [evosuite-master-1.0.6.jar:1.0.6]
	at org.evosuite.coverage.line.LineCoverageSuiteFitness.getFitness(LineCoverageSuiteFitness.java:157) [evosuite-master-1.0.6.jar:1.0.6]
	at org.evosuite.coverage.line.LineCoverageSuiteFitness.getFitness(LineCoverageSuiteFitness.java:45) [evosuite-master-1.0.6.jar:1.0.6]
	at org.evosuite.ga.metaheuristics.MonotonicGA.evolve(MonotonicGA.java:139) [evosuite-master-1.0.6.jar:1.0.6]
	at org.evosuite.ga.metaheuristics.MonotonicGA.generateSolution(MonotonicGA.java:245) [evosuite-master-1.0.6.jar:1.0.6]
	at org.evosuite.strategy.WholeTestSuiteStrategy.generateTests(WholeTestSuiteStrategy.java:113) [evosuite-master-1.0.6.jar:1.0.6]
	at org.evosuite.TestSuiteGenerator.generateTests(TestSuiteGenerator.java:653) [evosuite-master-1.0.6.jar:1.0.6]
	at org.evosuite.TestSuiteGenerator.generateTestSuite(TestSuiteGenerator.java:236) [evosuite-master-1.0.6.jar:1.0.6]
	at org.evosuite.rmi.service.ClientNodeImpl$1.run(ClientNodeImpl.java:145) [evosuite-master-1.0.6.jar:1.0.6]
	at java.util.concurrent.Executors$RunnableAdapter.call(Executors.java:511) [na:1.8.0_202]
	at java.util.concurrent.FutureTask.run(FutureTask.java:266) [na:1.8.0_202]
	at java.util.concurrent.ThreadPoolExecutor.runWorker(ThreadPoolExecutor.java:1149) [na:1.8.0_202]
	at java.util.concurrent.ThreadPoolExecutor$Worker.run(ThreadPoolExecutor.java:624) [na:1.8.0_202]
	at java.lang.Thread.run(Thread.java:748) [na:1.8.0_202]
Caused by: org.evosuite.testcase.execution.EvosuiteError: java.lang.IncompatibleClassChangeError: org.apache.axiom.om.impl.intf.AxiomElement and org.apache.axiom.om.impl.intf.AxiomElement$AxiomElementSupport$1 disagree on InnerClasses attribute
	at org.evosuite.testcase.statements.MethodStatement$1.execute(MethodStatement.java:281) ~[evosuite-master-1.0.6.jar:1.0.6]
	at org.evosuite.testcase.statements.AbstractStatement.exceptionHandler(AbstractStatement.java:169) ~[evosuite-master-1.0.6.jar:1.0.6]
	at org.evosuite.testcase.statements.MethodStatement.execute(MethodStatement.java:220) ~[evosuite-master-1.0.6.jar:1.0.6]
	at org.evosuite.testcase.execution.TestRunnable.executeStatements(TestRunnable.java:307) ~[evosuite-master-1.0.6.jar:1.0.6]
	at org.evosuite.testcase.execution.TestRunnable.call(TestRunnable.java:213) ~[evosuite-master-1.0.6.jar:1.0.6]
	at org.evosuite.testcase.execution.TestRunnable.call(TestRunnable.java:55) ~[evosuite-master-1.0.6.jar:1.0.6]
	... 4 common frames omitted
Caused by: java.lang.IncompatibleClassChangeError: org.apache.axiom.om.impl.intf.AxiomElement and org.apache.axiom.om.impl.intf.AxiomElement$AxiomElementSupport$1 disagree on InnerClasses attribute
	at java.lang.Class.getDeclaringClass0(Native Method) ~[na:1.8.0_202]
	at java.lang.Class.getDeclaringClass(Class.java:1235) ~[na:1.8.0_202]
	at org.evosuite.setup.TestUsageChecker.canUse(TestUsageChecker.java:171) ~[evosuite-master-1.0.6.jar:1.0.6]
	at org.evosuite.testcase.execution.Scope.setObject(Scope.java:95) ~[evosuite-master-1.0.6.jar:1.0.6]
	at org.evosuite.testcase.variable.VariableReferenceImpl.setObject(VariableReferenceImpl.java:385) ~[evosuite-master-1.0.6.jar:1.0.6]
	at org.evosuite.testcase.statements.MethodStatement$1.execute(MethodStatement.java:276) ~[evosuite-master-1.0.6.jar:1.0.6]
	... 9 common frames omitted
[MASTER] 18:50:11.592 [pool-2-thread-1] ERROR ClientNodeImpl - Error when generating tests for: br.com.swconsultoria.nfe.wsdl.NFeAutorizacao.NFeAutorizacao4Stub with seed 1712785764776. Configuration id : default
org.evosuite.testcase.execution.EvosuiteError: java.lang.IncompatibleClassChangeError: org.apache.axiom.om.impl.intf.AxiomElement and org.apache.axiom.om.impl.intf.AxiomElement$AxiomElementSupport$1 disagree on InnerClasses attribute
	at org.evosuite.testcase.statements.MethodStatement$1.execute(MethodStatement.java:281) ~[evosuite-master-1.0.6.jar:1.0.6]
	at org.evosuite.testcase.statements.AbstractStatement.exceptionHandler(AbstractStatement.java:169) ~[evosuite-master-1.0.6.jar:1.0.6]
	at org.evosuite.testcase.statements.MethodStatement.execute(MethodStatement.java:220) ~[evosuite-master-1.0.6.jar:1.0.6]
	at org.evosuite.testcase.execution.TestRunnable.executeStatements(TestRunnable.java:307) ~[evosuite-master-1.0.6.jar:1.0.6]
	at org.evosuite.testcase.execution.TestRunnable.call(TestRunnable.java:213) ~[evosuite-master-1.0.6.jar:1.0.6]
	at org.evosuite.testcase.execution.TestRunnable.call(TestRunnable.java:55) ~[evosuite-master-1.0.6.jar:1.0.6]
	at java.util.concurrent.FutureTask.run(FutureTask.java:266) [na:1.8.0_202]
	at java.util.concurrent.ThreadPoolExecutor.runWorker(ThreadPoolExecutor.java:1149) [na:1.8.0_202]
	at java.util.concurrent.ThreadPoolExecutor$Worker.run(ThreadPoolExecutor.java:624) [na:1.8.0_202]
	at java.lang.Thread.run(Thread.java:748) [na:1.8.0_202]
Caused by: java.lang.IncompatibleClassChangeError: org.apache.axiom.om.impl.intf.AxiomElement and org.apache.axiom.om.impl.intf.AxiomElement$AxiomElementSupport$1 disagree on InnerClasses attribute
	at java.lang.Class.getDeclaringClass0(Native Method) ~[na:1.8.0_202]
	at java.lang.Class.getDeclaringClass(Class.java:1235) ~[na:1.8.0_202]
	at org.evosuite.setup.TestUsageChecker.canUse(TestUsageChecker.java:171) ~[evosuite-master-1.0.6.jar:1.0.6]
	at org.evosuite.testcase.execution.Scope.setObject(Scope.java:95) ~[evosuite-master-1.0.6.jar:1.0.6]
	at org.evosuite.testcase.variable.VariableReferenceImpl.setObject(VariableReferenceImpl.java:385) ~[evosuite-master-1.0.6.jar:1.0.6]
	at org.evosuite.testcase.statements.MethodStatement$1.execute(MethodStatement.java:276) ~[evosuite-master-1.0.6.jar:1.0.6]
	... 9 common frames omitted
