* Starting client
* Properties loaded from C:\Users\charl\Downloads\Deletar depois\Plugins evosuite\Java_NFe-master\evosuite-files\evosuite.properties
* Connecting to master process on port 16600
* Analyzing classpath: 
  - C:\Users\charl\Downloads\Deletar depois\Plugins evosuite\Java_NFe-master\target\test-classes
  - C:\Users\charl\Downloads\Deletar depois\Plugins evosuite\Java_NFe-master\target\classes
  - C:\Users\charl\.m2\repository\br\com\swconsultoria\java_certificado\3.4\java_certificado-3.4.jar
  - C:\Users\charl\.m2\repository\commons-httpclient\commons-httpclient\3.1\commons-httpclient-3.1.jar
  - C:\Users\charl\.m2\repository\commons-codec\commons-codec\1.2\commons-codec-1.2.jar
  - C:\Users\charl\.m2\repository\org\ini4j\ini4j\0.5.4\ini4j-0.5.4.jar
  - C:\Users\charl\.m2\repository\org\apache\httpcomponents\httpcore\4.4.6\httpcore-4.4.6.jar
  - C:\Users\charl\.m2\repository\com\sun\xml\bind\jaxb-impl\2.3.1\jaxb-impl-2.3.1.jar
  - C:\Users\charl\.m2\repository\com\sun\xml\bind\jaxb-xjc\2.3.1\jaxb-xjc-2.3.1.jar
  - C:\Users\charl\.m2\repository\com\sun\xml\bind\jaxb-core\2.3.0.1\jaxb-core-2.3.0.1.jar
  - C:\Users\charl\.m2\repository\org\apache\axis2\axis2-kernel\1.7.5\axis2-kernel-1.7.5.jar
  - C:\Users\charl\.m2\repository\org\apache\ws\commons\axiom\axiom-impl\1.2.20\axiom-impl-1.2.20.jar
  - C:\Users\charl\.m2\repository\org\codehaus\woodstox\woodstox-core-asl\4.2.0\woodstox-core-asl-4.2.0.jar
  - C:\Users\charl\.m2\repository\org\codehaus\woodstox\stax2-api\3.1.1\stax2-api-3.1.1.jar
  - C:\Users\charl\.m2\repository\org\apache\geronimo\specs\geronimo-ws-metadata_2.0_spec\1.1.2\geronimo-ws-metadata_2.0_spec-1.1.2.jar
  - C:\Users\charl\.m2\repository\org\apache\geronimo\specs\geronimo-jta_1.1_spec\1.1\geronimo-jta_1.1_spec-1.1.jar
  - C:\Users\charl\.m2\repository\wsdl4j\wsdl4j\1.6.2\wsdl4j-1.6.2.jar
  - C:\Users\charl\.m2\repository\org\apache\ws\xmlschema\xmlschema-core\2.2.1\xmlschema-core-2.2.1.jar
  - C:\Users\charl\.m2\repository\org\apache\neethi\neethi\3.0.3\neethi-3.0.3.jar
  - C:\Users\charl\.m2\repository\org\apache\woden\woden-core\1.0M10\woden-core-1.0M10.jar
  - C:\Users\charl\.m2\repository\commons-logging\commons-logging\1.1.1\commons-logging-1.1.1.jar
  - C:\Users\charl\.m2\repository\javax\ws\rs\jsr311-api\1.1.1\jsr311-api-1.1.1.jar
  - C:\Users\charl\.m2\repository\commons-io\commons-io\2.1\commons-io-2.1.jar
  - C:\Users\charl\.m2\repository\org\apache\axis2\axis2-adb\1.7.5\axis2-adb-1.7.5.jar
  - C:\Users\charl\.m2\repository\org\apache\ws\commons\axiom\axiom-dom\1.2.20\axiom-dom-1.2.20.jar
  - C:\Users\charl\.m2\repository\org\apache\geronimo\specs\geronimo-activation_1.1_spec\1.0.2\geronimo-activation_1.1_spec-1.0.2.jar
  - C:\Users\charl\.m2\repository\org\apache\axis2\axis2-jaxws\1.7.5\axis2-jaxws-1.7.5.jar
  - C:\Users\charl\.m2\repository\org\apache\geronimo\specs\geronimo-annotation_1.0_spec\1.1\geronimo-annotation_1.0_spec-1.1.jar
  - C:\Users\charl\.m2\repository\org\apache\geronimo\specs\geronimo-jaxws_2.2_spec\1.0\geronimo-jaxws_2.2_spec-1.0.jar
  - C:\Users\charl\.m2\repository\org\apache\axis2\axis2-saaj\1.7.5\axis2-saaj-1.7.5.jar
  - C:\Users\charl\.m2\repository\org\apache\geronimo\specs\geronimo-saaj_1.3_spec\1.0.1\geronimo-saaj_1.3_spec-1.0.1.jar
  - C:\Users\charl\.m2\repository\org\apache\axis2\axis2-metadata\1.7.5\axis2-metadata-1.7.5.jar
  - C:\Users\charl\.m2\repository\com\sun\xml\ws\jaxws-tools\2.1.3\jaxws-tools-2.1.3.jar
  - C:\Users\charl\.m2\repository\org\apache\geronimo\specs\geronimo-javamail_1.4_spec\1.6\geronimo-javamail_1.4_spec-1.6.jar
  - C:\Users\charl\.m2\repository\xml-resolver\xml-resolver\1.2\xml-resolver-1.2.jar
  - C:\Users\charl\.m2\repository\xalan\xalan\2.7.0\xalan-2.7.0.jar
  - C:\Users\charl\.m2\repository\javax\xml\bind\jaxb-api\2.2.6\jaxb-api-2.2.6.jar
  - C:\Users\charl\.m2\repository\org\apache\axis2\axis2-transport-http\1.7.5\axis2-transport-http-1.7.5.jar
  - C:\Users\charl\.m2\repository\org\apache\httpcomponents\httpclient\4.5.2\httpclient-4.5.2.jar
  - C:\Users\charl\.m2\repository\org\apache\axis2\axis2-transport-local\1.7.5\axis2-transport-local-1.7.5.jar
  - C:\Users\charl\.m2\repository\org\apache\ws\commons\axiom\axiom-api\1.2.20\axiom-api-1.2.20.jar
  - C:\Users\charl\.m2\repository\jaxen\jaxen\1.1.6\jaxen-1.1.6.jar
  - C:\Users\charl\.m2\repository\org\apache\geronimo\specs\geronimo-stax-api_1.0_spec\1.0.1\geronimo-stax-api_1.0_spec-1.0.1.jar
  - C:\Users\charl\.m2\repository\org\apache\james\apache-mime4j-core\0.7.2\apache-mime4j-core-0.7.2.jar
  - C:\Users\charl\.m2\repository\com\google\code\findbugs\jsr305\3.0.2\jsr305-3.0.2.jar
  - C:\Users\charl\.m2\repository\org\projectlombok\lombok\1.18.22\lombok-1.18.22.jar
  - C:\Users\charl\.m2\repository\br\com\swconsultoria\java-nfe\4.00.31\java-nfe-4.00.31.jar
  - C:\Users\charl\.m2\repository\junit\junit\4.12\junit-4.12.jar
  - C:\Users\charl\.m2\repository\org\hamcrest\hamcrest-core\1.3\hamcrest-core-1.3.jar
  - C:\Users\charl\.m2\repository\org\jacoco\org.jacoco.agent\0.8.0\org.jacoco.agent-0.8.0.jar
[MASTER] 19:11:09.087 [pool-2-thread-1] WARN  InheritanceTree - Class not in inheritance graph: javax.servlet.ServletConfig
* Finished analyzing classpath
* Generating tests for class br.com.swconsultoria.nfe.wsdl.CadConsultaCadastro.rs.CadConsultaCadastro4Stub
* Test criteria:
  - Line Coverage
  - Branch Coverage
  - Exception
  - Mutation testing (weak)
  - Method-Output Coverage
  - Top-Level Method Coverage
  - No-Exception Top-Level Method Coverage
  - Context Branch Coverage
* Setting up search algorithm for whole suite generation
[MASTER] 19:11:12.796 [pool-2-thread-1] WARN  TestSuiteSerialization - Cannot load tests because file does not exist: C:\Users\charl\Downloads\Deletar depois\Plugins evosuite\Java_NFe-master\.evosuite\evosuite-seeds\br.com.swconsultoria.nfe.wsdl.CadConsultaCadastro.rs.CadConsultaCadastro4Stub.seed
* Loaded 0 tests from C:\Users\charl\Downloads\Deletar depois\Plugins evosuite\Java_NFe-master\.evosuite\evosuite-seeds\br.com.swconsultoria.nfe.wsdl.CadConsultaCadastro.rs.CadConsultaCadastro4Stub.seed
* Total number of test goals: 
  - Line 869
  - Branch 416
  - Exception 0
  - MutationFactory 582
  - Output 3
  - Method 39
  - MethodNoException 39
  - CBranchFitnessFactory 416
* Using seed 1712787063746
* Starting evolution
